<?xml version="1.0" encoding="UTF-8" ?>
<testsuite tests="5" failures="0" name="test.dao.TestNoteDao" time="3.535" errors="3" skipped="0">
  <properties>
[...]
</properties>
  <testcase classname="test.dao.TestNoteDao" name="testFindByBookId" time="1.014"/>
  <testcase classname="test.dao.TestNoteDao" name="testDeleteByNoteId" time="0.533"/>
  <testcase classname="test.dao.TestNoteDao" name="testFindByNoteId" time="0.65">
    <error type="java.lang.NullPointerException">java.lang.NullPointerException
	at test.dao.TestNoteDao.testFindByNoteId(TestNoteDao.java:36)
	at sun.reflect.NativeMethodAccessorImpl.invoke0(Native Method)
	at sun.reflect.NativeMethodAccessorImpl.invoke(NativeMethodAccessorImpl.java:62)
	at sun.reflect.DelegatingMethodAccessorImpl.invoke(DelegatingMethodAccessorImpl.java:43)
	at java.lang.reflect.Method.invoke(Method.java:498)
	at org.junit.runners.model.FrameworkMethod$1.runReflectiveCall(FrameworkMethod.java:50)
	at org.junit.internal.runners.model.ReflectiveCallable.run(ReflectiveCallable.java:12)
	at org.junit.runners.model.FrameworkMethod.invokeExplosively(FrameworkMethod.java:47)
	at org.junit.internal.runners.statements.InvokeMethod.evaluate(InvokeMethod.java:17)
	at org.junit.internal.runners.statements.RunBefores.evaluate(RunBefores.java:26)
	at org.junit.runners.ParentRunner.runLeaf(ParentRunner.java:325)
	at org.junit.runners.BlockJUnit4ClassRunner.runChild(BlockJUnit4ClassRunner.java:78)
	at org.junit.runners.BlockJUnit4ClassRunner.runChild(BlockJUnit4ClassRunner.java:57)
	at org.junit.runners.ParentRunner$3.run(ParentRunner.java:290)
	at org.junit.runners.ParentRunner$1.schedule(ParentRunner.java:71)
	at org.junit.runners.ParentRunner.runChildren(ParentRunner.java:288)
	at org.junit.runners.ParentRunner.access$000(ParentRunner.java:58)
	at org.junit.runners.ParentRunner$2.evaluate(ParentRunner.java:268)
	at org.junit.runners.ParentRunner.run(ParentRunner.java:363)
	at org.apache.maven.surefire.junit4.JUnit4Provider.execute(JUnit4Provider.java:252)
	at org.apache.maven.surefire.junit4.JUnit4Provider.executeTestSet(JUnit4Provider.java:141)
	at org.apache.maven.surefire.junit4.JUnit4Provider.invoke(JUnit4Provider.java:112)
	at sun.reflect.NativeMethodAccessorImpl.invoke0(Native Method)
	at sun.reflect.NativeMethodAccessorImpl.invoke(NativeMethodAccessorImpl.java:62)
	at sun.reflect.DelegatingMethodAccessorImpl.invoke(DelegatingMethodAccessorImpl.java:43)
	at java.lang.reflect.Method.invoke(Method.java:498)
	at org.apache.maven.surefire.util.ReflectionUtils.invokeMethodWithArray(ReflectionUtils.java:189)
	at org.apache.maven.surefire.booter.ProviderFactory$ProviderProxy.invoke(ProviderFactory.java:165)
	at org.apache.maven.surefire.booter.ProviderFactory.invokeProvider(ProviderFactory.java:85)
	at org.apache.maven.surefire.booter.ForkedBooter.runSuitesInProcess(ForkedBooter.java:115)
	at org.apache.maven.surefire.booter.ForkedBooter.main(ForkedBooter.java:75)
</error>
    <system-err>May 19, 2018 3:43:51 PM org.springframework.context.support.ClassPathXmlApplicationContext prepareRefresh
信息: Refreshing org.springframework.context.support.ClassPathXmlApplicationContext@199e4c2b: startup date [Sat May 19 15:43:51 CST 2018]; root of context hierarchy
May 19, 2018 3:43:51 PM org.springframework.beans.factory.xml.XmlBeanDefinitionReader loadBeanDefinitions
信息: Loading XML bean definitions from class path resource [conf/spring-applicationContext.xml]
May 19, 2018 3:43:51 PM org.springframework.beans.factory.config.PropertyPlaceholderConfigurer loadProperties
信息: Loading properties file from class path resource [conf/mysql_sql.properties]
May 19, 2018 3:43:51 PM org.springframework.beans.factory.support.DefaultListableBeanFactory preInstantiateSingletons
信息: Pre-instantiating singletons in org.springframework.beans.factory.support.DefaultListableBeanFactory@64a1923a: defining beans [loadController,searchShareNoteController,searchShareController,loadNoteController,collectNoteController,deleteCollectionNoteController,searchDeleteController,rollbackNoteController,renameNoteBookController,deleteNoteForeverControllerr,loadCollectionNoteController,changePasswordController,shareNoteController,searchCollectionController,userRegisterController,userLoginController,deleteNoteController,loadBooksController,deleteNoteBookController,updateNoteController,addNoteController,moveNoteController,addNoteBookController,noteService,UserService,noteBookService,collectionNoteService,shareNoteService,org.springframework.context.annotation.internalConfigurationAnnotationProcessor,org.springframework.context.annotation.internalAutowiredAnnotationProcessor,org.springframework.context.annotation.internalRequiredAnnotationProcessor,org.springframework.context.annotation.internalCommonAnnotationProcessor,mvcContentNegotiationManager,org.springframework.web.servlet.mvc.method.annotation.RequestMappingHandlerMapping#0,org.springframework.format.support.FormattingConversionServiceFactoryBean#0,org.springframework.web.servlet.mvc.method.annotation.RequestMappingHandlerAdapter#0,org.springframework.web.servlet.handler.MappedInterceptor#0,org.springframework.web.servlet.mvc.method.annotation.ExceptionHandlerExceptionResolver#0,org.springframework.web.servlet.mvc.annotation.ResponseStatusExceptionResolver#0,org.springframework.web.servlet.mvc.support.DefaultHandlerExceptionResolver#0,org.springframework.web.servlet.handler.BeanNameUrlHandlerMapping,org.springframework.web.servlet.mvc.HttpRequestHandlerAdapter,org.springframework.web.servlet.mvc.SimpleControllerHandlerAdapter,propertyConfigurer,dataSource,sf,org.mybatis.spring.mapper.MapperScannerConfigurer#0,org.springframework.context.annotation.ConfigurationClassPostProcessor.importAwareProcessor,userDao,collectionNoteDao,shareNoteDao,noteDao,noteBookDao]; root of factory hierarchy
May 19, 2018 3:43:51 PM org.springframework.web.servlet.mvc.method.annotation.RequestMappingHandlerMapping registerHandlerMethod
信息: Mapped &quot;{[/note/load.do],methods=[],params=[],headers=[],consumes=[],produces=[],custom=[]}&quot; onto public cn.tedu.cloud_note.util.NoteResult&lt;cn.tedu.cloud_note.entity.Note&gt; cn.tedu.cloud_note.controller.LoadController.execute(java.lang.String)
May 19, 2018 3:43:51 PM org.springframework.web.servlet.mvc.method.annotation.RequestMappingHandlerMapping registerHandlerMethod
信息: Mapped &quot;{[/note/loadshare.do],methods=[],params=[],headers=[],consumes=[],produces=[],custom=[]}&quot; onto public cn.tedu.cloud_note.util.NoteResult&lt;cn.tedu.cloud_note.entity.ShareNote&gt; cn.tedu.cloud_note.controller.SearchShareNoteController.execute(java.lang.String)
May 19, 2018 3:43:51 PM org.springframework.web.servlet.mvc.method.annotation.RequestMappingHandlerMapping registerHandlerMethod
信息: Mapped &quot;{[/note/searchshare.do],methods=[],params=[],headers=[],consumes=[],produces=[],custom=[]}&quot; onto public cn.tedu.cloud_note.util.NoteResult&lt;java.util.List&lt;cn.tedu.cloud_note.entity.ShareNote&gt;&gt; cn.tedu.cloud_note.controller.SearchShareController.execute(java.lang.String,int)
May 19, 2018 3:43:51 PM org.springframework.web.servlet.mvc.method.annotation.RequestMappingHandlerMapping registerHandlerMethod
信息: Mapped &quot;{[/note/loadnotes.do],methods=[],params=[],headers=[],consumes=[],produces=[],custom=[]}&quot; onto public cn.tedu.cloud_note.util.NoteResult&lt;java.util.List&lt;java.util.Map&lt;java.lang.String, java.lang.String&gt;&gt;&gt; cn.tedu.cloud_note.controller.LoadNoteController.execute(java.lang.String)
May 19, 2018 3:43:51 PM org.springframework.web.servlet.mvc.method.annotation.RequestMappingHandlerMapping registerHandlerMethod
信息: Mapped &quot;{[/note/collectnote.do],methods=[],params=[],headers=[],consumes=[],produces=[],custom=[]}&quot; onto public cn.tedu.cloud_note.util.NoteResult&lt;java.lang.Object&gt; cn.tedu.cloud_note.controller.CollectNoteController.execute(java.lang.String,java.lang.String)
May 19, 2018 3:43:51 PM org.springframework.web.servlet.mvc.method.annotation.RequestMappingHandlerMapping registerHandlerMethod
信息: Mapped &quot;{[/note/deletecollection.do],methods=[],params=[],headers=[],consumes=[],produces=[],custom=[]}&quot; onto public cn.tedu.cloud_note.util.NoteResult&lt;java.lang.Object&gt; cn.tedu.cloud_note.controller.DeleteCollectionNoteController.execute(java.lang.String)
May 19, 2018 3:43:51 PM org.springframework.web.servlet.mvc.method.annotation.RequestMappingHandlerMapping registerHandlerMethod
信息: Mapped &quot;{[/note/searchdelete.do],methods=[],params=[],headers=[],consumes=[],produces=[],custom=[]}&quot; onto public cn.tedu.cloud_note.util.NoteResult&lt;java.util.List&lt;java.util.Map&lt;java.lang.String, java.lang.String&gt;&gt;&gt; cn.tedu.cloud_note.controller.SearchDeleteController.execute(java.lang.String)
May 19, 2018 3:43:51 PM org.springframework.web.servlet.mvc.method.annotation.RequestMappingHandlerMapping registerHandlerMethod
信息: Mapped &quot;{[/note/rollbacknote.do],methods=[],params=[],headers=[],consumes=[],produces=[],custom=[]}&quot; onto public cn.tedu.cloud_note.util.NoteResult&lt;java.lang.Object&gt; cn.tedu.cloud_note.controller.RollbackNoteController.execute(java.lang.String,java.lang.String)
May 19, 2018 3:43:51 PM org.springframework.web.servlet.mvc.method.annotation.RequestMappingHandlerMapping registerHandlerMethod
信息: Mapped &quot;{[/book/renamebook.do],methods=[],params=[],headers=[],consumes=[],produces=[],custom=[]}&quot; onto public cn.tedu.cloud_note.util.NoteResult&lt;java.lang.Object&gt; cn.tedu.cloud_note.controller.RenameNoteBookController.execute(java.lang.String,java.lang.String)
May 19, 2018 3:43:51 PM org.springframework.web.servlet.mvc.method.annotation.RequestMappingHandlerMapping registerHandlerMethod
信息: Mapped &quot;{[/note/delete.do],methods=[],params=[],headers=[],consumes=[],produces=[],custom=[]}&quot; onto public cn.tedu.cloud_note.util.NoteResult&lt;java.lang.Object&gt; cn.tedu.cloud_note.controller.DeleteNoteForeverControllerr.execute(java.lang.String)
May 19, 2018 3:43:51 PM org.springframework.web.servlet.mvc.method.annotation.RequestMappingHandlerMapping registerHandlerMethod
信息: Mapped &quot;{[/note/loadcollection.do],methods=[],params=[],headers=[],consumes=[],produces=[],custom=[]}&quot; onto public cn.tedu.cloud_note.util.NoteResult&lt;cn.tedu.cloud_note.entity.ShareNote&gt; cn.tedu.cloud_note.controller.LoadCollectionNoteController.execute(java.lang.String)
May 19, 2018 3:43:51 PM org.springframework.web.servlet.mvc.method.annotation.RequestMappingHandlerMapping registerHandlerMethod
信息: Mapped &quot;{[/user/changepassword.do],methods=[],params=[],headers=[],consumes=[],produces=[],custom=[]}&quot; onto public cn.tedu.cloud_note.util.NoteResult&lt;java.lang.Object&gt; cn.tedu.cloud_note.controller.ChangePasswordController.execute(java.lang.String,java.lang.String,java.lang.String)
May 19, 2018 3:43:51 PM org.springframework.web.servlet.mvc.method.annotation.RequestMappingHandlerMapping registerHandlerMethod
信息: Mapped &quot;{[/note/sharenote.do],methods=[],params=[],headers=[],consumes=[],produces=[],custom=[]}&quot; onto public cn.tedu.cloud_note.util.NoteResult&lt;java.lang.Object&gt; cn.tedu.cloud_note.controller.ShareNoteController.execute(java.lang.String)
May 19, 2018 3:43:51 PM org.springframework.web.servlet.mvc.method.annotation.RequestMappingHandlerMapping registerHandlerMethod
信息: Mapped &quot;{[/note/searchcollection.do],methods=[],params=[],headers=[],consumes=[],produces=[],custom=[]}&quot; onto public cn.tedu.cloud_note.util.NoteResult&lt;java.util.List&lt;java.util.Map&lt;java.lang.String, java.lang.String&gt;&gt;&gt; cn.tedu.cloud_note.controller.SearchCollectionController.execute(java.lang.String)
May 19, 2018 3:43:51 PM org.springframework.web.servlet.mvc.method.annotation.RequestMappingHandlerMapping registerHandlerMethod
信息: Mapped &quot;{[/user/add.do],methods=[],params=[],headers=[],consumes=[],produces=[],custom=[]}&quot; onto public cn.tedu.cloud_note.util.NoteResult&lt;java.lang.Object&gt; cn.tedu.cloud_note.controller.UserRegisterController.execute(java.lang.String,java.lang.String,java.lang.String)
May 19, 2018 3:43:51 PM org.springframework.web.servlet.mvc.method.annotation.RequestMappingHandlerMapping registerHandlerMethod
信息: Mapped &quot;{[/user/login.do],methods=[],params=[],headers=[],consumes=[],produces=[],custom=[]}&quot; onto public cn.tedu.cloud_note.util.NoteResult&lt;cn.tedu.cloud_note.entity.User&gt; cn.tedu.cloud_note.controller.UserLoginController.execute(java.lang.String,java.lang.String)
May 19, 2018 3:43:51 PM org.springframework.web.servlet.mvc.method.annotation.RequestMappingHandlerMapping registerHandlerMethod
信息: Mapped &quot;{[/note/deletenote.do],methods=[],params=[],headers=[],consumes=[],produces=[],custom=[]}&quot; onto public cn.tedu.cloud_note.util.NoteResult&lt;java.lang.Object&gt; cn.tedu.cloud_note.controller.DeleteNoteController.execute(java.lang.String)
May 19, 2018 3:43:51 PM org.springframework.web.servlet.mvc.method.annotation.RequestMappingHandlerMapping registerHandlerMethod
信息: Mapped &quot;{[/book/loadbooks.do],methods=[],params=[],headers=[],consumes=[],produces=[],custom=[]}&quot; onto public cn.tedu.cloud_note.util.NoteResult&lt;java.util.List&lt;cn.tedu.cloud_note.entity.NoteBook&gt;&gt; cn.tedu.cloud_note.controller.LoadBooksController.execute(java.lang.String)
May 19, 2018 3:43:51 PM org.springframework.web.servlet.mvc.method.annotation.RequestMappingHandlerMapping registerHandlerMethod
信息: Mapped &quot;{[/book/deletebook.do],methods=[],params=[],headers=[],consumes=[],produces=[],custom=[]}&quot; onto public cn.tedu.cloud_note.util.NoteResult&lt;java.lang.Object&gt; cn.tedu.cloud_note.controller.DeleteNoteBookController.execute(java.lang.String)
May 19, 2018 3:43:51 PM org.springframework.web.servlet.mvc.method.annotation.RequestMappingHandlerMapping registerHandlerMethod
信息: Mapped &quot;{[/note/update.do],methods=[],params=[],headers=[],consumes=[],produces=[],custom=[]}&quot; onto public cn.tedu.cloud_note.util.NoteResult&lt;java.lang.Object&gt; cn.tedu.cloud_note.controller.UpdateNoteController.execute(java.lang.String,java.lang.String,java.lang.String)
May 19, 2018 3:43:51 PM org.springframework.web.servlet.mvc.method.annotation.RequestMappingHandlerMapping registerHandlerMethod
信息: Mapped &quot;{[/note/addnote.do],methods=[],params=[],headers=[],consumes=[],produces=[],custom=[]}&quot; onto public cn.tedu.cloud_note.util.NoteResult&lt;java.lang.String&gt; cn.tedu.cloud_note.controller.AddNoteController.execute(java.lang.String,java.lang.String,java.lang.String)
May 19, 2018 3:43:51 PM org.springframework.web.servlet.mvc.method.annotation.RequestMappingHandlerMapping registerHandlerMethod
信息: Mapped &quot;{[/note/move.do],methods=[],params=[],headers=[],consumes=[],produces=[],custom=[]}&quot; onto public cn.tedu.cloud_note.util.NoteResult&lt;java.lang.Object&gt; cn.tedu.cloud_note.controller.MoveNoteController.execute(java.lang.String,java.lang.String)
May 19, 2018 3:43:51 PM org.springframework.web.servlet.mvc.method.annotation.RequestMappingHandlerMapping registerHandlerMethod
信息: Mapped &quot;{[/book/addbook.do],methods=[],params=[],headers=[],consumes=[],produces=[],custom=[]}&quot; onto public cn.tedu.cloud_note.util.NoteResult&lt;cn.tedu.cloud_note.entity.NoteBook&gt; cn.tedu.cloud_note.controller.AddNoteBookController.execute(java.lang.String,java.lang.String)
Sat May 19 15:43:51 CST 2018 WARN: Establishing SSL connection without server&apos;s identity verification is not recommended. According to MySQL 5.5.45+, 5.6.26+ and 5.7.6+ requirements SSL connection must be established by default if explicit option isn&apos;t set. For compliance with existing applications not using SSL the verifyServerCertificate property is set to &apos;false&apos;. You need either to explicitly disable SSL by setting useSSL=false, or set useSSL=true and provide truststore for server certificate verification.
Sat May 19 15:43:51 CST 2018 WARN: Establishing SSL connection without server&apos;s identity verification is not recommended. According to MySQL 5.5.45+, 5.6.26+ and 5.7.6+ requirements SSL connection must be established by default if explicit option isn&apos;t set. For compliance with existing applications not using SSL the verifyServerCertificate property is set to &apos;false&apos;. You need either to explicitly disable SSL by setting useSSL=false, or set useSSL=true and provide truststore for server certificate verification.
</system-err>
  </testcase>
  <testcase classname="test.dao.TestNoteDao" name="testAdd" time="0.936">
    <error message="
### Error updating database.  Cause: com.mysql.jdbc.exceptions.jdbc4.MySQLIntegrityConstraintViolationException: Cannot add or update a child row: a foreign key constraint fails (`cloud_note`.`cn_note`, CONSTRAINT `cn_note_ibfk_1` FOREIGN KEY (`cn_notebook_id`) REFERENCES `cn_notebook` (`cn_notebook_id`) ON DELETE CASCADE ON UPDATE CASCADE)
### The error may involve cn.tedu.cloud_note.dao.NoteDao.addNote-Inline
### The error occurred while setting parameters
### SQL: insert into cn_note (cn_note_id,cn_notebook_id,cn_user_id,cn_note_status_id,cn_note_type_id,cn_note_title,cn_note_body,cn_note_create_time,cn_note_last_modify_time)   values(?,?,?,?,?,?,?,?,?)
### Cause: com.mysql.jdbc.exceptions.jdbc4.MySQLIntegrityConstraintViolationException: Cannot add or update a child row: a foreign key constraint fails (`cloud_note`.`cn_note`, CONSTRAINT `cn_note_ibfk_1` FOREIGN KEY (`cn_notebook_id`) REFERENCES `cn_notebook` (`cn_notebook_id`) ON DELETE CASCADE ON UPDATE CASCADE)
; SQL []; Cannot add or update a child row: a foreign key constraint fails (`cloud_note`.`cn_note`, CONSTRAINT `cn_note_ibfk_1` FOREIGN KEY (`cn_notebook_id`) REFERENCES `cn_notebook` (`cn_notebook_id`) ON DELETE CASCADE ON UPDATE CASCADE); nested exception is com.mysql.jdbc.exceptions.jdbc4.MySQLIntegrityConstraintViolationException: Cannot add or update a child row: a foreign key constraint fails (`cloud_note`.`cn_note`, CONSTRAINT `cn_note_ibfk_1` FOREIGN KEY (`cn_notebook_id`) REFERENCES `cn_notebook` (`cn_notebook_id`) ON DELETE CASCADE ON UPDATE CASCADE)" type="org.springframework.dao.DataIntegrityViolationException">org.springframework.dao.DataIntegrityViolationException: 
### Error updating database.  Cause: com.mysql.jdbc.exceptions.jdbc4.MySQLIntegrityConstraintViolationException: Cannot add or update a child row: a foreign key constraint fails (`cloud_note`.`cn_note`, CONSTRAINT `cn_note_ibfk_1` FOREIGN KEY (`cn_notebook_id`) REFERENCES `cn_notebook` (`cn_notebook_id`) ON DELETE CASCADE ON UPDATE CASCADE)
### The error may involve cn.tedu.cloud_note.dao.NoteDao.addNote-Inline
### The error occurred while setting parameters
### SQL: insert into cn_note (cn_note_id,cn_notebook_id,cn_user_id,cn_note_status_id,cn_note_type_id,cn_note_title,cn_note_body,cn_note_create_time,cn_note_last_modify_time)   values(?,?,?,?,?,?,?,?,?)
### Cause: com.mysql.jdbc.exceptions.jdbc4.MySQLIntegrityConstraintViolationException: Cannot add or update a child row: a foreign key constraint fails (`cloud_note`.`cn_note`, CONSTRAINT `cn_note_ibfk_1` FOREIGN KEY (`cn_notebook_id`) REFERENCES `cn_notebook` (`cn_notebook_id`) ON DELETE CASCADE ON UPDATE CASCADE)
; SQL []; Cannot add or update a child row: a foreign key constraint fails (`cloud_note`.`cn_note`, CONSTRAINT `cn_note_ibfk_1` FOREIGN KEY (`cn_notebook_id`) REFERENCES `cn_notebook` (`cn_notebook_id`) ON DELETE CASCADE ON UPDATE CASCADE); nested exception is com.mysql.jdbc.exceptions.jdbc4.MySQLIntegrityConstraintViolationException: Cannot add or update a child row: a foreign key constraint fails (`cloud_note`.`cn_note`, CONSTRAINT `cn_note_ibfk_1` FOREIGN KEY (`cn_notebook_id`) REFERENCES `cn_notebook` (`cn_notebook_id`) ON DELETE CASCADE ON UPDATE CASCADE)
	at org.springframework.jdbc.support.SQLErrorCodeSQLExceptionTranslator.doTranslate(SQLErrorCodeSQLExceptionTranslator.java:249)
	at org.springframework.jdbc.support.AbstractFallbackSQLExceptionTranslator.translate(AbstractFallbackSQLExceptionTranslator.java:72)
	at org.mybatis.spring.MyBatisExceptionTranslator.translateExceptionIfPossible(MyBatisExceptionTranslator.java:73)
	at org.mybatis.spring.SqlSessionTemplate$SqlSessionInterceptor.invoke(SqlSessionTemplate.java:446)
	at com.sun.proxy.$Proxy12.insert(Unknown Source)
	at org.mybatis.spring.SqlSessionTemplate.insert(SqlSessionTemplate.java:278)
	at org.apache.ibatis.binding.MapperMethod.execute(MapperMethod.java:56)
	at org.apache.ibatis.binding.MapperProxy.invoke(MapperProxy.java:53)
	at com.sun.proxy.$Proxy13.addNote(Unknown Source)
	at test.dao.TestNoteDao.testAdd(TestNoteDao.java:60)
	at sun.reflect.NativeMethodAccessorImpl.invoke0(Native Method)
	at sun.reflect.NativeMethodAccessorImpl.invoke(NativeMethodAccessorImpl.java:62)
	at sun.reflect.DelegatingMethodAccessorImpl.invoke(DelegatingMethodAccessorImpl.java:43)
	at java.lang.reflect.Method.invoke(Method.java:498)
	at org.junit.runners.model.FrameworkMethod$1.runReflectiveCall(FrameworkMethod.java:50)
	at org.junit.internal.runners.model.ReflectiveCallable.run(ReflectiveCallable.java:12)
	at org.junit.runners.model.FrameworkMethod.invokeExplosively(FrameworkMethod.java:47)
	at org.junit.internal.runners.statements.InvokeMethod.evaluate(InvokeMethod.java:17)
	at org.junit.internal.runners.statements.RunBefores.evaluate(RunBefores.java:26)
	at org.junit.runners.ParentRunner.runLeaf(ParentRunner.java:325)
	at org.junit.runners.BlockJUnit4ClassRunner.runChild(BlockJUnit4ClassRunner.java:78)
	at org.junit.runners.BlockJUnit4ClassRunner.runChild(BlockJUnit4ClassRunner.java:57)
	at org.junit.runners.ParentRunner$3.run(ParentRunner.java:290)
	at org.junit.runners.ParentRunner$1.schedule(ParentRunner.java:71)
	at org.junit.runners.ParentRunner.runChildren(ParentRunner.java:288)
	at org.junit.runners.ParentRunner.access$000(ParentRunner.java:58)
	at org.junit.runners.ParentRunner$2.evaluate(ParentRunner.java:268)
	at org.junit.runners.ParentRunner.run(ParentRunner.java:363)
	at org.apache.maven.surefire.junit4.JUnit4Provider.execute(JUnit4Provider.java:252)
	at org.apache.maven.surefire.junit4.JUnit4Provider.executeTestSet(JUnit4Provider.java:141)
	at org.apache.maven.surefire.junit4.JUnit4Provider.invoke(JUnit4Provider.java:112)
	at sun.reflect.NativeMethodAccessorImpl.invoke0(Native Method)
	at sun.reflect.NativeMethodAccessorImpl.invoke(NativeMethodAccessorImpl.java:62)
	at sun.reflect.DelegatingMethodAccessorImpl.invoke(DelegatingMethodAccessorImpl.java:43)
	at java.lang.reflect.Method.invoke(Method.java:498)
	at org.apache.maven.surefire.util.ReflectionUtils.invokeMethodWithArray(ReflectionUtils.java:189)
	at org.apache.maven.surefire.booter.ProviderFactory$ProviderProxy.invoke(ProviderFactory.java:165)
	at org.apache.maven.surefire.booter.ProviderFactory.invokeProvider(ProviderFactory.java:85)
	at org.apache.maven.surefire.booter.ForkedBooter.runSuitesInProcess(ForkedBooter.java:115)
	at org.apache.maven.surefire.booter.ForkedBooter.main(ForkedBooter.java:75)
Caused by: com.mysql.jdbc.exceptions.jdbc4.MySQLIntegrityConstraintViolationException: Cannot add or update a child row: a foreign key constraint fails (`cloud_note`.`cn_note`, CONSTRAINT `cn_note_ibfk_1` FOREIGN KEY (`cn_notebook_id`) REFERENCES `cn_notebook` (`cn_notebook_id`) ON DELETE CASCADE ON UPDATE CASCADE)
	at sun.reflect.NativeConstructorAccessorImpl.newInstance0(Native Method)
	at sun.reflect.NativeConstructorAccessorImpl.newInstance(NativeConstructorAccessorImpl.java:62)
	at sun.reflect.DelegatingConstructorAccessorImpl.newInstance(DelegatingConstructorAccessorImpl.java:45)
	at java.lang.reflect.Constructor.newInstance(Constructor.java:423)
	at com.mysql.jdbc.Util.handleNewInstance(Util.java:404)
	at com.mysql.jdbc.Util.getInstance(Util.java:387)
	at com.mysql.jdbc.SQLError.createSQLException(SQLError.java:932)
	at com.mysql.jdbc.MysqlIO.checkErrorPacket(MysqlIO.java:3878)
	at com.mysql.jdbc.MysqlIO.checkErrorPacket(MysqlIO.java:3814)
	at com.mysql.jdbc.MysqlIO.sendCommand(MysqlIO.java:2478)
	at com.mysql.jdbc.MysqlIO.sqlQueryDirect(MysqlIO.java:2625)
	at com.mysql.jdbc.ConnectionImpl.execSQL(ConnectionImpl.java:2551)
	at com.mysql.jdbc.PreparedStatement.executeInternal(PreparedStatement.java:1861)
	at com.mysql.jdbc.PreparedStatement.execute(PreparedStatement.java:1192)
	at org.apache.commons.dbcp.DelegatingPreparedStatement.execute(DelegatingPreparedStatement.java:172)
	at org.apache.commons.dbcp.DelegatingPreparedStatement.execute(DelegatingPreparedStatement.java:172)
	at org.apache.ibatis.executor.statement.PreparedStatementHandler.update(PreparedStatementHandler.java:46)
	at org.apache.ibatis.executor.statement.RoutingStatementHandler.update(RoutingStatementHandler.java:74)
	at org.apache.ibatis.executor.SimpleExecutor.doUpdate(SimpleExecutor.java:50)
	at org.apache.ibatis.executor.BaseExecutor.update(BaseExecutor.java:117)
	at org.apache.ibatis.executor.CachingExecutor.update(CachingExecutor.java:76)
	at org.apache.ibatis.session.defaults.DefaultSqlSession.update(DefaultSqlSession.java:198)
	at org.apache.ibatis.session.defaults.DefaultSqlSession.insert(DefaultSqlSession.java:185)
	at sun.reflect.NativeMethodAccessorImpl.invoke0(Native Method)
	at sun.reflect.NativeMethodAccessorImpl.invoke(NativeMethodAccessorImpl.java:62)
	at sun.reflect.DelegatingMethodAccessorImpl.invoke(DelegatingMethodAccessorImpl.java:43)
	at java.lang.reflect.Method.invoke(Method.java:498)
	at org.mybatis.spring.SqlSessionTemplate$SqlSessionInterceptor.invoke(SqlSessionTemplate.java:433)
	... 36 more
</error>
    <system-err>May 19, 2018 3:43:51 PM org.springframework.context.support.ClassPathXmlApplicationContext prepareRefresh
信息: Refreshing org.springframework.context.support.ClassPathXmlApplicationContext@1da6ee17: startup date [Sat May 19 15:43:51 CST 2018]; root of context hierarchy
May 19, 2018 3:43:51 PM org.springframework.beans.factory.xml.XmlBeanDefinitionReader loadBeanDefinitions
信息: Loading XML bean definitions from class path resource [conf/spring-applicationContext.xml]
May 19, 2018 3:43:51 PM org.springframework.beans.factory.config.PropertyPlaceholderConfigurer loadProperties
信息: Loading properties file from class path resource [conf/mysql_sql.properties]
May 19, 2018 3:43:51 PM org.springframework.beans.factory.support.DefaultListableBeanFactory preInstantiateSingletons
信息: Pre-instantiating singletons in org.springframework.beans.factory.support.DefaultListableBeanFactory@1fd386c3: defining beans [loadController,searchShareNoteController,searchShareController,loadNoteController,collectNoteController,deleteCollectionNoteController,searchDeleteController,rollbackNoteController,renameNoteBookController,deleteNoteForeverControllerr,loadCollectionNoteController,changePasswordController,shareNoteController,searchCollectionController,userRegisterController,userLoginController,deleteNoteController,loadBooksController,deleteNoteBookController,updateNoteController,addNoteController,moveNoteController,addNoteBookController,noteService,UserService,noteBookService,collectionNoteService,shareNoteService,org.springframework.context.annotation.internalConfigurationAnnotationProcessor,org.springframework.context.annotation.internalAutowiredAnnotationProcessor,org.springframework.context.annotation.internalRequiredAnnotationProcessor,org.springframework.context.annotation.internalCommonAnnotationProcessor,mvcContentNegotiationManager,org.springframework.web.servlet.mvc.method.annotation.RequestMappingHandlerMapping#0,org.springframework.format.support.FormattingConversionServiceFactoryBean#0,org.springframework.web.servlet.mvc.method.annotation.RequestMappingHandlerAdapter#0,org.springframework.web.servlet.handler.MappedInterceptor#0,org.springframework.web.servlet.mvc.method.annotation.ExceptionHandlerExceptionResolver#0,org.springframework.web.servlet.mvc.annotation.ResponseStatusExceptionResolver#0,org.springframework.web.servlet.mvc.support.DefaultHandlerExceptionResolver#0,org.springframework.web.servlet.handler.BeanNameUrlHandlerMapping,org.springframework.web.servlet.mvc.HttpRequestHandlerAdapter,org.springframework.web.servlet.mvc.SimpleControllerHandlerAdapter,propertyConfigurer,dataSource,sf,org.mybatis.spring.mapper.MapperScannerConfigurer#0,org.springframework.context.annotation.ConfigurationClassPostProcessor.importAwareProcessor,userDao,collectionNoteDao,shareNoteDao,noteDao,noteBookDao]; root of factory hierarchy
May 19, 2018 3:43:51 PM org.springframework.web.servlet.mvc.method.annotation.RequestMappingHandlerMapping registerHandlerMethod
信息: Mapped &quot;{[/note/load.do],methods=[],params=[],headers=[],consumes=[],produces=[],custom=[]}&quot; onto public cn.tedu.cloud_note.util.NoteResult&lt;cn.tedu.cloud_note.entity.Note&gt; cn.tedu.cloud_note.controller.LoadController.execute(java.lang.String)
May 19, 2018 3:43:51 PM org.springframework.web.servlet.mvc.method.annotation.RequestMappingHandlerMapping registerHandlerMethod
信息: Mapped &quot;{[/note/loadshare.do],methods=[],params=[],headers=[],consumes=[],produces=[],custom=[]}&quot; onto public cn.tedu.cloud_note.util.NoteResult&lt;cn.tedu.cloud_note.entity.ShareNote&gt; cn.tedu.cloud_note.controller.SearchShareNoteController.execute(java.lang.String)
May 19, 2018 3:43:51 PM org.springframework.web.servlet.mvc.method.annotation.RequestMappingHandlerMapping registerHandlerMethod
信息: Mapped &quot;{[/note/searchshare.do],methods=[],params=[],headers=[],consumes=[],produces=[],custom=[]}&quot; onto public cn.tedu.cloud_note.util.NoteResult&lt;java.util.List&lt;cn.tedu.cloud_note.entity.ShareNote&gt;&gt; cn.tedu.cloud_note.controller.SearchShareController.execute(java.lang.String,int)
May 19, 2018 3:43:51 PM org.springframework.web.servlet.mvc.method.annotation.RequestMappingHandlerMapping registerHandlerMethod
信息: Mapped &quot;{[/note/loadnotes.do],methods=[],params=[],headers=[],consumes=[],produces=[],custom=[]}&quot; onto public cn.tedu.cloud_note.util.NoteResult&lt;java.util.List&lt;java.util.Map&lt;java.lang.String, java.lang.String&gt;&gt;&gt; cn.tedu.cloud_note.controller.LoadNoteController.execute(java.lang.String)
May 19, 2018 3:43:51 PM org.springframework.web.servlet.mvc.method.annotation.RequestMappingHandlerMapping registerHandlerMethod
信息: Mapped &quot;{[/note/collectnote.do],methods=[],params=[],headers=[],consumes=[],produces=[],custom=[]}&quot; onto public cn.tedu.cloud_note.util.NoteResult&lt;java.lang.Object&gt; cn.tedu.cloud_note.controller.CollectNoteController.execute(java.lang.String,java.lang.String)
May 19, 2018 3:43:51 PM org.springframework.web.servlet.mvc.method.annotation.RequestMappingHandlerMapping registerHandlerMethod
信息: Mapped &quot;{[/note/deletecollection.do],methods=[],params=[],headers=[],consumes=[],produces=[],custom=[]}&quot; onto public cn.tedu.cloud_note.util.NoteResult&lt;java.lang.Object&gt; cn.tedu.cloud_note.controller.DeleteCollectionNoteController.execute(java.lang.String)
May 19, 2018 3:43:51 PM org.springframework.web.servlet.mvc.method.annotation.RequestMappingHandlerMapping registerHandlerMethod
信息: Mapped &quot;{[/note/searchdelete.do],methods=[],params=[],headers=[],consumes=[],produces=[],custom=[]}&quot; onto public cn.tedu.cloud_note.util.NoteResult&lt;java.util.List&lt;java.util.Map&lt;java.lang.String, java.lang.String&gt;&gt;&gt; cn.tedu.cloud_note.controller.SearchDeleteController.execute(java.lang.String)
May 19, 2018 3:43:51 PM org.springframework.web.servlet.mvc.method.annotation.RequestMappingHandlerMapping registerHandlerMethod
信息: Mapped &quot;{[/note/rollbacknote.do],methods=[],params=[],headers=[],consumes=[],produces=[],custom=[]}&quot; onto public cn.tedu.cloud_note.util.NoteResult&lt;java.lang.Object&gt; cn.tedu.cloud_note.controller.RollbackNoteController.execute(java.lang.String,java.lang.String)
May 19, 2018 3:43:51 PM org.springframework.web.servlet.mvc.method.annotation.RequestMappingHandlerMapping registerHandlerMethod
信息: Mapped &quot;{[/book/renamebook.do],methods=[],params=[],headers=[],consumes=[],produces=[],custom=[]}&quot; onto public cn.tedu.cloud_note.util.NoteResult&lt;java.lang.Object&gt; cn.tedu.cloud_note.controller.RenameNoteBookController.execute(java.lang.String,java.lang.String)
May 19, 2018 3:43:51 PM org.springframework.web.servlet.mvc.method.annotation.RequestMappingHandlerMapping registerHandlerMethod
信息: Mapped &quot;{[/note/delete.do],methods=[],params=[],headers=[],consumes=[],produces=[],custom=[]}&quot; onto public cn.tedu.cloud_note.util.NoteResult&lt;java.lang.Object&gt; cn.tedu.cloud_note.controller.DeleteNoteForeverControllerr.execute(java.lang.String)
May 19, 2018 3:43:51 PM org.springframework.web.servlet.mvc.method.annotation.RequestMappingHandlerMapping registerHandlerMethod
信息: Mapped &quot;{[/note/loadcollection.do],methods=[],params=[],headers=[],consumes=[],produces=[],custom=[]}&quot; onto public cn.tedu.cloud_note.util.NoteResult&lt;cn.tedu.cloud_note.entity.ShareNote&gt; cn.tedu.cloud_note.controller.LoadCollectionNoteController.execute(java.lang.String)
May 19, 2018 3:43:51 PM org.springframework.web.servlet.mvc.method.annotation.RequestMappingHandlerMapping registerHandlerMethod
信息: Mapped &quot;{[/user/changepassword.do],methods=[],params=[],headers=[],consumes=[],produces=[],custom=[]}&quot; onto public cn.tedu.cloud_note.util.NoteResult&lt;java.lang.Object&gt; cn.tedu.cloud_note.controller.ChangePasswordController.execute(java.lang.String,java.lang.String,java.lang.String)
May 19, 2018 3:43:51 PM org.springframework.web.servlet.mvc.method.annotation.RequestMappingHandlerMapping registerHandlerMethod
信息: Mapped &quot;{[/note/sharenote.do],methods=[],params=[],headers=[],consumes=[],produces=[],custom=[]}&quot; onto public cn.tedu.cloud_note.util.NoteResult&lt;java.lang.Object&gt; cn.tedu.cloud_note.controller.ShareNoteController.execute(java.lang.String)
May 19, 2018 3:43:51 PM org.springframework.web.servlet.mvc.method.annotation.RequestMappingHandlerMapping registerHandlerMethod
信息: Mapped &quot;{[/note/searchcollection.do],methods=[],params=[],headers=[],consumes=[],produces=[],custom=[]}&quot; onto public cn.tedu.cloud_note.util.NoteResult&lt;java.util.List&lt;java.util.Map&lt;java.lang.String, java.lang.String&gt;&gt;&gt; cn.tedu.cloud_note.controller.SearchCollectionController.execute(java.lang.String)
May 19, 2018 3:43:51 PM org.springframework.web.servlet.mvc.method.annotation.RequestMappingHandlerMapping registerHandlerMethod
信息: Mapped &quot;{[/user/add.do],methods=[],params=[],headers=[],consumes=[],produces=[],custom=[]}&quot; onto public cn.tedu.cloud_note.util.NoteResult&lt;java.lang.Object&gt; cn.tedu.cloud_note.controller.UserRegisterController.execute(java.lang.String,java.lang.String,java.lang.String)
May 19, 2018 3:43:51 PM org.springframework.web.servlet.mvc.method.annotation.RequestMappingHandlerMapping registerHandlerMethod
信息: Mapped &quot;{[/user/login.do],methods=[],params=[],headers=[],consumes=[],produces=[],custom=[]}&quot; onto public cn.tedu.cloud_note.util.NoteResult&lt;cn.tedu.cloud_note.entity.User&gt; cn.tedu.cloud_note.controller.UserLoginController.execute(java.lang.String,java.lang.String)
May 19, 2018 3:43:51 PM org.springframework.web.servlet.mvc.method.annotation.RequestMappingHandlerMapping registerHandlerMethod
信息: Mapped &quot;{[/note/deletenote.do],methods=[],params=[],headers=[],consumes=[],produces=[],custom=[]}&quot; onto public cn.tedu.cloud_note.util.NoteResult&lt;java.lang.Object&gt; cn.tedu.cloud_note.controller.DeleteNoteController.execute(java.lang.String)
May 19, 2018 3:43:51 PM org.springframework.web.servlet.mvc.method.annotation.RequestMappingHandlerMapping registerHandlerMethod
信息: Mapped &quot;{[/book/loadbooks.do],methods=[],params=[],headers=[],consumes=[],produces=[],custom=[]}&quot; onto public cn.tedu.cloud_note.util.NoteResult&lt;java.util.List&lt;cn.tedu.cloud_note.entity.NoteBook&gt;&gt; cn.tedu.cloud_note.controller.LoadBooksController.execute(java.lang.String)
May 19, 2018 3:43:51 PM org.springframework.web.servlet.mvc.method.annotation.RequestMappingHandlerMapping registerHandlerMethod
信息: Mapped &quot;{[/book/deletebook.do],methods=[],params=[],headers=[],consumes=[],produces=[],custom=[]}&quot; onto public cn.tedu.cloud_note.util.NoteResult&lt;java.lang.Object&gt; cn.tedu.cloud_note.controller.DeleteNoteBookController.execute(java.lang.String)
May 19, 2018 3:43:51 PM org.springframework.web.servlet.mvc.method.annotation.RequestMappingHandlerMapping registerHandlerMethod
信息: Mapped &quot;{[/note/update.do],methods=[],params=[],headers=[],consumes=[],produces=[],custom=[]}&quot; onto public cn.tedu.cloud_note.util.NoteResult&lt;java.lang.Object&gt; cn.tedu.cloud_note.controller.UpdateNoteController.execute(java.lang.String,java.lang.String,java.lang.String)
May 19, 2018 3:43:51 PM org.springframework.web.servlet.mvc.method.annotation.RequestMappingHandlerMapping registerHandlerMethod
信息: Mapped &quot;{[/note/addnote.do],methods=[],params=[],headers=[],consumes=[],produces=[],custom=[]}&quot; onto public cn.tedu.cloud_note.util.NoteResult&lt;java.lang.String&gt; cn.tedu.cloud_note.controller.AddNoteController.execute(java.lang.String,java.lang.String,java.lang.String)
May 19, 2018 3:43:51 PM org.springframework.web.servlet.mvc.method.annotation.RequestMappingHandlerMapping registerHandlerMethod
信息: Mapped &quot;{[/note/move.do],methods=[],params=[],headers=[],consumes=[],produces=[],custom=[]}&quot; onto public cn.tedu.cloud_note.util.NoteResult&lt;java.lang.Object&gt; cn.tedu.cloud_note.controller.MoveNoteController.execute(java.lang.String,java.lang.String)
May 19, 2018 3:43:51 PM org.springframework.web.servlet.mvc.method.annotation.RequestMappingHandlerMapping registerHandlerMethod
信息: Mapped &quot;{[/book/addbook.do],methods=[],params=[],headers=[],consumes=[],produces=[],custom=[]}&quot; onto public cn.tedu.cloud_note.util.NoteResult&lt;cn.tedu.cloud_note.entity.NoteBook&gt; cn.tedu.cloud_note.controller.AddNoteBookController.execute(java.lang.String,java.lang.String)
Sat May 19 15:43:51 CST 2018 WARN: Establishing SSL connection without server&apos;s identity verification is not recommended. According to MySQL 5.5.45+, 5.6.26+ and 5.7.6+ requirements SSL connection must be established by default if explicit option isn&apos;t set. For compliance with existing applications not using SSL the verifyServerCertificate property is set to &apos;false&apos;. You need either to explicitly disable SSL by setting useSSL=false, or set useSSL=true and provide truststore for server certificate verification.
Sat May 19 15:43:52 CST 2018 WARN: Establishing SSL connection without server&apos;s identity verification is not recommended. According to MySQL 5.5.45+, 5.6.26+ and 5.7.6+ requirements SSL connection must be established by default if explicit option isn&apos;t set. For compliance with existing applications not using SSL the verifyServerCertificate property is set to &apos;false&apos;. You need either to explicitly disable SSL by setting useSSL=false, or set useSSL=true and provide truststore for server certificate verification.
</system-err>
  </testcase>
  <testcase classname="test.dao.TestNoteDao" name="testUpdate" time="0.402">
    <error type="java.lang.NullPointerException">java.lang.NullPointerException
	at test.dao.TestNoteDao.testUpdate(TestNoteDao.java:42)
	at sun.reflect.NativeMethodAccessorImpl.invoke0(Native Method)
	at sun.reflect.NativeMethodAccessorImpl.invoke(NativeMethodAccessorImpl.java:62)
	at sun.reflect.DelegatingMethodAccessorImpl.invoke(DelegatingMethodAccessorImpl.java:43)
	at java.lang.reflect.Method.invoke(Method.java:498)
	at org.junit.runners.model.FrameworkMethod$1.runReflectiveCall(FrameworkMethod.java:50)
	at org.junit.internal.runners.model.ReflectiveCallable.run(ReflectiveCallable.java:12)
	at org.junit.runners.model.FrameworkMethod.invokeExplosively(FrameworkMethod.java:47)
	at org.junit.internal.runners.statements.InvokeMethod.evaluate(InvokeMethod.java:17)
	at org.junit.internal.runners.statements.RunBefores.evaluate(RunBefores.java:26)
	at org.junit.runners.ParentRunner.runLeaf(ParentRunner.java:325)
	at org.junit.runners.BlockJUnit4ClassRunner.runChild(BlockJUnit4ClassRunner.java:78)
	at org.junit.runners.BlockJUnit4ClassRunner.runChild(BlockJUnit4ClassRunner.java:57)
	at org.junit.runners.ParentRunner$3.run(ParentRunner.java:290)
	at org.junit.runners.ParentRunner$1.schedule(ParentRunner.java:71)
	at org.junit.runners.ParentRunner.runChildren(ParentRunner.java:288)
	at org.junit.runners.ParentRunner.access$000(ParentRunner.java:58)
	at org.junit.runners.ParentRunner$2.evaluate(ParentRunner.java:268)
	at org.junit.runners.ParentRunner.run(ParentRunner.java:363)
	at org.apache.maven.surefire.junit4.JUnit4Provider.execute(JUnit4Provider.java:252)
	at org.apache.maven.surefire.junit4.JUnit4Provider.executeTestSet(JUnit4Provider.java:141)
	at org.apache.maven.surefire.junit4.JUnit4Provider.invoke(JUnit4Provider.java:112)
	at sun.reflect.NativeMethodAccessorImpl.invoke0(Native Method)
	at sun.reflect.NativeMethodAccessorImpl.invoke(NativeMethodAccessorImpl.java:62)
	at sun.reflect.DelegatingMethodAccessorImpl.invoke(DelegatingMethodAccessorImpl.java:43)
	at java.lang.reflect.Method.invoke(Method.java:498)
	at org.apache.maven.surefire.util.ReflectionUtils.invokeMethodWithArray(ReflectionUtils.java:189)
	at org.apache.maven.surefire.booter.ProviderFactory$ProviderProxy.invoke(ProviderFactory.java:165)
	at org.apache.maven.surefire.booter.ProviderFactory.invokeProvider(ProviderFactory.java:85)
	at org.apache.maven.surefire.booter.ForkedBooter.runSuitesInProcess(ForkedBooter.java:115)
	at org.apache.maven.surefire.booter.ForkedBooter.main(ForkedBooter.java:75)
</error>
    <system-err>May 19, 2018 3:43:52 PM org.springframework.context.support.ClassPathXmlApplicationContext prepareRefresh
信息: Refreshing org.springframework.context.support.ClassPathXmlApplicationContext@7882c44a: startup date [Sat May 19 15:43:52 CST 2018]; root of context hierarchy
May 19, 2018 3:43:52 PM org.springframework.beans.factory.xml.XmlBeanDefinitionReader loadBeanDefinitions
信息: Loading XML bean definitions from class path resource [conf/spring-applicationContext.xml]
May 19, 2018 3:43:52 PM org.springframework.beans.factory.config.PropertyPlaceholderConfigurer loadProperties
信息: Loading properties file from class path resource [conf/mysql_sql.properties]
May 19, 2018 3:43:52 PM org.springframework.beans.factory.support.DefaultListableBeanFactory preInstantiateSingletons
信息: Pre-instantiating singletons in org.springframework.beans.factory.support.DefaultListableBeanFactory@40620d8e: defining beans [loadController,searchShareNoteController,searchShareController,loadNoteController,collectNoteController,deleteCollectionNoteController,searchDeleteController,rollbackNoteController,renameNoteBookController,deleteNoteForeverControllerr,loadCollectionNoteController,changePasswordController,shareNoteController,searchCollectionController,userRegisterController,userLoginController,deleteNoteController,loadBooksController,deleteNoteBookController,updateNoteController,addNoteController,moveNoteController,addNoteBookController,noteService,UserService,noteBookService,collectionNoteService,shareNoteService,org.springframework.context.annotation.internalConfigurationAnnotationProcessor,org.springframework.context.annotation.internalAutowiredAnnotationProcessor,org.springframework.context.annotation.internalRequiredAnnotationProcessor,org.springframework.context.annotation.internalCommonAnnotationProcessor,mvcContentNegotiationManager,org.springframework.web.servlet.mvc.method.annotation.RequestMappingHandlerMapping#0,org.springframework.format.support.FormattingConversionServiceFactoryBean#0,org.springframework.web.servlet.mvc.method.annotation.RequestMappingHandlerAdapter#0,org.springframework.web.servlet.handler.MappedInterceptor#0,org.springframework.web.servlet.mvc.method.annotation.ExceptionHandlerExceptionResolver#0,org.springframework.web.servlet.mvc.annotation.ResponseStatusExceptionResolver#0,org.springframework.web.servlet.mvc.support.DefaultHandlerExceptionResolver#0,org.springframework.web.servlet.handler.BeanNameUrlHandlerMapping,org.springframework.web.servlet.mvc.HttpRequestHandlerAdapter,org.springframework.web.servlet.mvc.SimpleControllerHandlerAdapter,propertyConfigurer,dataSource,sf,org.mybatis.spring.mapper.MapperScannerConfigurer#0,org.springframework.context.annotation.ConfigurationClassPostProcessor.importAwareProcessor,userDao,collectionNoteDao,shareNoteDao,noteDao,noteBookDao]; root of factory hierarchy
May 19, 2018 3:43:52 PM org.springframework.web.servlet.mvc.method.annotation.RequestMappingHandlerMapping registerHandlerMethod
信息: Mapped &quot;{[/note/load.do],methods=[],params=[],headers=[],consumes=[],produces=[],custom=[]}&quot; onto public cn.tedu.cloud_note.util.NoteResult&lt;cn.tedu.cloud_note.entity.Note&gt; cn.tedu.cloud_note.controller.LoadController.execute(java.lang.String)
May 19, 2018 3:43:52 PM org.springframework.web.servlet.mvc.method.annotation.RequestMappingHandlerMapping registerHandlerMethod
信息: Mapped &quot;{[/note/loadshare.do],methods=[],params=[],headers=[],consumes=[],produces=[],custom=[]}&quot; onto public cn.tedu.cloud_note.util.NoteResult&lt;cn.tedu.cloud_note.entity.ShareNote&gt; cn.tedu.cloud_note.controller.SearchShareNoteController.execute(java.lang.String)
May 19, 2018 3:43:52 PM org.springframework.web.servlet.mvc.method.annotation.RequestMappingHandlerMapping registerHandlerMethod
信息: Mapped &quot;{[/note/searchshare.do],methods=[],params=[],headers=[],consumes=[],produces=[],custom=[]}&quot; onto public cn.tedu.cloud_note.util.NoteResult&lt;java.util.List&lt;cn.tedu.cloud_note.entity.ShareNote&gt;&gt; cn.tedu.cloud_note.controller.SearchShareController.execute(java.lang.String,int)
May 19, 2018 3:43:52 PM org.springframework.web.servlet.mvc.method.annotation.RequestMappingHandlerMapping registerHandlerMethod
信息: Mapped &quot;{[/note/loadnotes.do],methods=[],params=[],headers=[],consumes=[],produces=[],custom=[]}&quot; onto public cn.tedu.cloud_note.util.NoteResult&lt;java.util.List&lt;java.util.Map&lt;java.lang.String, java.lang.String&gt;&gt;&gt; cn.tedu.cloud_note.controller.LoadNoteController.execute(java.lang.String)
May 19, 2018 3:43:52 PM org.springframework.web.servlet.mvc.method.annotation.RequestMappingHandlerMapping registerHandlerMethod
信息: Mapped &quot;{[/note/collectnote.do],methods=[],params=[],headers=[],consumes=[],produces=[],custom=[]}&quot; onto public cn.tedu.cloud_note.util.NoteResult&lt;java.lang.Object&gt; cn.tedu.cloud_note.controller.CollectNoteController.execute(java.lang.String,java.lang.String)
May 19, 2018 3:43:52 PM org.springframework.web.servlet.mvc.method.annotation.RequestMappingHandlerMapping registerHandlerMethod
信息: Mapped &quot;{[/note/deletecollection.do],methods=[],params=[],headers=[],consumes=[],produces=[],custom=[]}&quot; onto public cn.tedu.cloud_note.util.NoteResult&lt;java.lang.Object&gt; cn.tedu.cloud_note.controller.DeleteCollectionNoteController.execute(java.lang.String)
May 19, 2018 3:43:52 PM org.springframework.web.servlet.mvc.method.annotation.RequestMappingHandlerMapping registerHandlerMethod
信息: Mapped &quot;{[/note/searchdelete.do],methods=[],params=[],headers=[],consumes=[],produces=[],custom=[]}&quot; onto public cn.tedu.cloud_note.util.NoteResult&lt;java.util.List&lt;java.util.Map&lt;java.lang.String, java.lang.String&gt;&gt;&gt; cn.tedu.cloud_note.controller.SearchDeleteController.execute(java.lang.String)
May 19, 2018 3:43:52 PM org.springframework.web.servlet.mvc.method.annotation.RequestMappingHandlerMapping registerHandlerMethod
信息: Mapped &quot;{[/note/rollbacknote.do],methods=[],params=[],headers=[],consumes=[],produces=[],custom=[]}&quot; onto public cn.tedu.cloud_note.util.NoteResult&lt;java.lang.Object&gt; cn.tedu.cloud_note.controller.RollbackNoteController.execute(java.lang.String,java.lang.String)
May 19, 2018 3:43:52 PM org.springframework.web.servlet.mvc.method.annotation.RequestMappingHandlerMapping registerHandlerMethod
信息: Mapped &quot;{[/book/renamebook.do],methods=[],params=[],headers=[],consumes=[],produces=[],custom=[]}&quot; onto public cn.tedu.cloud_note.util.NoteResult&lt;java.lang.Object&gt; cn.tedu.cloud_note.controller.RenameNoteBookController.execute(java.lang.String,java.lang.String)
May 19, 2018 3:43:52 PM org.springframework.web.servlet.mvc.method.annotation.RequestMappingHandlerMapping registerHandlerMethod
信息: Mapped &quot;{[/note/delete.do],methods=[],params=[],headers=[],consumes=[],produces=[],custom=[]}&quot; onto public cn.tedu.cloud_note.util.NoteResult&lt;java.lang.Object&gt; cn.tedu.cloud_note.controller.DeleteNoteForeverControllerr.execute(java.lang.String)
May 19, 2018 3:43:52 PM org.springframework.web.servlet.mvc.method.annotation.RequestMappingHandlerMapping registerHandlerMethod
信息: Mapped &quot;{[/note/loadcollection.do],methods=[],params=[],headers=[],consumes=[],produces=[],custom=[]}&quot; onto public cn.tedu.cloud_note.util.NoteResult&lt;cn.tedu.cloud_note.entity.ShareNote&gt; cn.tedu.cloud_note.controller.LoadCollectionNoteController.execute(java.lang.String)
May 19, 2018 3:43:52 PM org.springframework.web.servlet.mvc.method.annotation.RequestMappingHandlerMapping registerHandlerMethod
信息: Mapped &quot;{[/user/changepassword.do],methods=[],params=[],headers=[],consumes=[],produces=[],custom=[]}&quot; onto public cn.tedu.cloud_note.util.NoteResult&lt;java.lang.Object&gt; cn.tedu.cloud_note.controller.ChangePasswordController.execute(java.lang.String,java.lang.String,java.lang.String)
May 19, 2018 3:43:52 PM org.springframework.web.servlet.mvc.method.annotation.RequestMappingHandlerMapping registerHandlerMethod
信息: Mapped &quot;{[/note/sharenote.do],methods=[],params=[],headers=[],consumes=[],produces=[],custom=[]}&quot; onto public cn.tedu.cloud_note.util.NoteResult&lt;java.lang.Object&gt; cn.tedu.cloud_note.controller.ShareNoteController.execute(java.lang.String)
May 19, 2018 3:43:52 PM org.springframework.web.servlet.mvc.method.annotation.RequestMappingHandlerMapping registerHandlerMethod
信息: Mapped &quot;{[/note/searchcollection.do],methods=[],params=[],headers=[],consumes=[],produces=[],custom=[]}&quot; onto public cn.tedu.cloud_note.util.NoteResult&lt;java.util.List&lt;java.util.Map&lt;java.lang.String, java.lang.String&gt;&gt;&gt; cn.tedu.cloud_note.controller.SearchCollectionController.execute(java.lang.String)
May 19, 2018 3:43:52 PM org.springframework.web.servlet.mvc.method.annotation.RequestMappingHandlerMapping registerHandlerMethod
信息: Mapped &quot;{[/user/add.do],methods=[],params=[],headers=[],consumes=[],produces=[],custom=[]}&quot; onto public cn.tedu.cloud_note.util.NoteResult&lt;java.lang.Object&gt; cn.tedu.cloud_note.controller.UserRegisterController.execute(java.lang.String,java.lang.String,java.lang.String)
May 19, 2018 3:43:52 PM org.springframework.web.servlet.mvc.method.annotation.RequestMappingHandlerMapping registerHandlerMethod
信息: Mapped &quot;{[/user/login.do],methods=[],params=[],headers=[],consumes=[],produces=[],custom=[]}&quot; onto public cn.tedu.cloud_note.util.NoteResult&lt;cn.tedu.cloud_note.entity.User&gt; cn.tedu.cloud_note.controller.UserLoginController.execute(java.lang.String,java.lang.String)
May 19, 2018 3:43:52 PM org.springframework.web.servlet.mvc.method.annotation.RequestMappingHandlerMapping registerHandlerMethod
信息: Mapped &quot;{[/note/deletenote.do],methods=[],params=[],headers=[],consumes=[],produces=[],custom=[]}&quot; onto public cn.tedu.cloud_note.util.NoteResult&lt;java.lang.Object&gt; cn.tedu.cloud_note.controller.DeleteNoteController.execute(java.lang.String)
May 19, 2018 3:43:52 PM org.springframework.web.servlet.mvc.method.annotation.RequestMappingHandlerMapping registerHandlerMethod
信息: Mapped &quot;{[/book/loadbooks.do],methods=[],params=[],headers=[],consumes=[],produces=[],custom=[]}&quot; onto public cn.tedu.cloud_note.util.NoteResult&lt;java.util.List&lt;cn.tedu.cloud_note.entity.NoteBook&gt;&gt; cn.tedu.cloud_note.controller.LoadBooksController.execute(java.lang.String)
May 19, 2018 3:43:52 PM org.springframework.web.servlet.mvc.method.annotation.RequestMappingHandlerMapping registerHandlerMethod
信息: Mapped &quot;{[/book/deletebook.do],methods=[],params=[],headers=[],consumes=[],produces=[],custom=[]}&quot; onto public cn.tedu.cloud_note.util.NoteResult&lt;java.lang.Object&gt; cn.tedu.cloud_note.controller.DeleteNoteBookController.execute(java.lang.String)
May 19, 2018 3:43:52 PM org.springframework.web.servlet.mvc.method.annotation.RequestMappingHandlerMapping registerHandlerMethod
信息: Mapped &quot;{[/note/update.do],methods=[],params=[],headers=[],consumes=[],produces=[],custom=[]}&quot; onto public cn.tedu.cloud_note.util.NoteResult&lt;java.lang.Object&gt; cn.tedu.cloud_note.controller.UpdateNoteController.execute(java.lang.String,java.lang.String,java.lang.String)
May 19, 2018 3:43:52 PM org.springframework.web.servlet.mvc.method.annotation.RequestMappingHandlerMapping registerHandlerMethod
信息: Mapped &quot;{[/note/addnote.do],methods=[],params=[],headers=[],consumes=[],produces=[],custom=[]}&quot; onto public cn.tedu.cloud_note.util.NoteResult&lt;java.lang.String&gt; cn.tedu.cloud_note.controller.AddNoteController.execute(java.lang.String,java.lang.String,java.lang.String)
May 19, 2018 3:43:52 PM org.springframework.web.servlet.mvc.method.annotation.RequestMappingHandlerMapping registerHandlerMethod
信息: Mapped &quot;{[/note/move.do],methods=[],params=[],headers=[],consumes=[],produces=[],custom=[]}&quot; onto public cn.tedu.cloud_note.util.NoteResult&lt;java.lang.Object&gt; cn.tedu.cloud_note.controller.MoveNoteController.execute(java.lang.String,java.lang.String)
May 19, 2018 3:43:52 PM org.springframework.web.servlet.mvc.method.annotation.RequestMappingHandlerMapping registerHandlerMethod
信息: Mapped &quot;{[/book/addbook.do],methods=[],params=[],headers=[],consumes=[],produces=[],custom=[]}&quot; onto public cn.tedu.cloud_note.util.NoteResult&lt;cn.tedu.cloud_note.entity.NoteBook&gt; cn.tedu.cloud_note.controller.AddNoteBookController.execute(java.lang.String,java.lang.String)
Sat May 19 15:43:52 CST 2018 WARN: Establishing SSL connection without server&apos;s identity verification is not recommended. According to MySQL 5.5.45+, 5.6.26+ and 5.7.6+ requirements SSL connection must be established by default if explicit option isn&apos;t set. For compliance with existing applications not using SSL the verifyServerCertificate property is set to &apos;false&apos;. You need either to explicitly disable SSL by setting useSSL=false, or set useSSL=true and provide truststore for server certificate verification.
Sat May 19 15:43:52 CST 2018 WARN: Establishing SSL connection without server&apos;s identity verification is not recommended. According to MySQL 5.5.45+, 5.6.26+ and 5.7.6+ requirements SSL connection must be established by default if explicit option isn&apos;t set. For compliance with existing applications not using SSL the verifyServerCertificate property is set to &apos;false&apos;. You need either to explicitly disable SSL by setting useSSL=false, or set useSSL=true and provide truststore for server certificate verification.
</system-err>
  </testcase>
</testsuite>